{
  "RSpec": {
    "coverage": {
      "/Users/mgiraldo/Documents/Sinatra/crocetti/app.rb": [
        null,
        1,
        1,
        1,
        null,
        null,
        1,
        1,
        1,
        null,
        null,
        null,
        null,
        null,
        null,
        1,
        1,
        1,
        null
      ],
      "/Users/mgiraldo/Documents/Sinatra/crocetti/lib/cms.rb": [
        1,
        1,
        null,
        1,
        null,
        1,
        null,
        0,
        null,
        null,
        null,
        1,
        null,
        null,
        null,
        null,
        null,
        0,
        0,
        0,
        0,
        0,
        0,
        0,
        0,
        0,
        null,
        null,
        0,
        null,
        null,
        null
      ],
      "/Users/mgiraldo/Documents/Sinatra/crocetti/lib/parser.rb": [
        1,
        1,
        1,
        1,
        null,
        1,
        null,
        1,
        null,
        1,
        null,
        1,
        7,
        6,
        null,
        null,
        null,
        1,
        7,
        7,
        7,
        7,
        null,
        null,
        1,
        0,
        0,
        0,
        0,
        0,
        null,
        null,
        1,
        0,
        0,
        0,
        0,
        0,
        0,
        0,
        0,
        0,
        0,
        null,
        0,
        null,
        null,
        1,
        0,
        0,
        0,
        0,
        0,
        0,
        null,
        0,
        null,
        null,
        1,
        0,
        null,
        null,
        1,
        7,
        7,
        6,
        null,
        7,
        7,
        6,
        6,
        4,
        null,
        null,
        7,
        7,
        null,
        null,
        1,
        0,
        0,
        0,
        null,
        0,
        0,
        0,
        0,
        0,
        0,
        null,
        null,
        0,
        null,
        null,
        1,
        0,
        0,
        0,
        0,
        0,
        0,
        0,
        null,
        null,
        null,
        null,
        0,
        null,
        null,
        null
      ],
      "/Users/mgiraldo/Documents/Sinatra/crocetti/models/contents.rb": [
        1,
        1,
        null
      ],
      "/Users/mgiraldo/Documents/Sinatra/crocetti/models/content.rb": [
        1,
        1,
        null
      ],
      "/Users/mgiraldo/Documents/Sinatra/crocetti/lib/templates.rb": [
        1,
        null,
        1,
        null,
        1,
        0,
        0,
        null,
        null,
        null,
        1,
        0,
        0,
        null,
        null,
        1,
        0,
        null,
        null,
        1,
        0,
        null,
        null,
        1,
        0,
        0,
        0,
        null,
        0,
        null,
        null,
        null
      ],
      "/Users/mgiraldo/Documents/Sinatra/crocetti/controller.rb": [
        1,
        0,
        0,
        null,
        null,
        1,
        0,
        0,
        0,
        null
      ],
      "/Users/mgiraldo/Documents/Sinatra/crocetti/lib/pages.rb": [
        1,
        1,
        1,
        null,
        1,
        null,
        1,
        null,
        1,
        7,
        7,
        7,
        7,
        7,
        7,
        7,
        7,
        4,
        4,
        4,
        null,
        null,
        null,
        null,
        1,
        5,
        5,
        null,
        null,
        1,
        1,
        1,
        1,
        null,
        null,
        null,
        1,
        1,
        1,
        1,
        1,
        1,
        2,
        1,
        null,
        null,
        1,
        4,
        null,
        null,
        1,
        8,
        8,
        5,
        28,
        18,
        11,
        null,
        null,
        null,
        null,
        null,
        null,
        null
      ]
    },
    "timestamp": 1429751765
  }
}
