{
  "RSpec": {
    "coverage": {
      "/Users/mgiraldo/Documents/Sinatra/crocetti/app.rb": [
        null,
        1,
        1,
        1,
        null,
        null,
        1,
        1,
        1,
        null,
        null,
        null,
        null,
        null,
        null,
        1,
        1,
        1,
        null
      ],
      "/Users/mgiraldo/Documents/Sinatra/crocetti/lib/cms.rb": [
        1,
        1,
        null,
        1,
        null,
        1,
        null,
        1,
        null,
        null,
        null,
        1,
        null,
        null,
        null,
        null,
        null,
        2,
        2,
        2,
        2,
        2,
        2,
        2,
        6,
        6,
        null,
        null,
        2,
        null,
        null,
        null
      ],
      "/Users/mgiraldo/Documents/Sinatra/crocetti/lib/parser.rb": [
        1,
        1,
        1,
        1,
        null,
        1,
        null,
        1,
        null,
        1,
        null,
        1,
        23,
        17,
        null,
        null,
        null,
        1,
        21,
        21,
        21,
        21,
        null,
        null,
        1,
        2,
        2,
        2,
        6,
        2,
        null,
        null,
        1,
        3,
        3,
        3,
        3,
        3,
        3,
        3,
        3,
        3,
        3,
        null,
        3,
        null,
        null,
        1,
        5,
        5,
        15,
        15,
        15,
        15,
        null,
        5,
        null,
        null,
        1,
        1,
        null,
        null,
        1,
        15,
        6,
        null,
        15,
        15,
        14,
        14,
        11,
        null,
        null,
        15,
        null,
        null,
        1,
        7,
        7,
        7,
        null,
        7,
        7,
        6,
        6,
        6,
        null,
        null,
        7,
        null,
        null,
        1,
        4,
        4,
        4,
        14,
        6,
        6,
        3,
        null,
        null,
        null,
        null,
        4,
        null,
        null,
        null
      ],
      "/Users/mgiraldo/Documents/Sinatra/crocetti/models/contents.rb": [
        1,
        1,
        null
      ],
      "/Users/mgiraldo/Documents/Sinatra/crocetti/models/content.rb": [
        1,
        1,
        null
      ],
      "/Users/mgiraldo/Documents/Sinatra/crocetti/lib/templates.rb": [
        1,
        null,
        1,
        null,
        1,
        16,
        15,
        null,
        null,
        null,
        1,
        10,
        10,
        null,
        null,
        1,
        2,
        null,
        null,
        1,
        6,
        null,
        null,
        1,
        5,
        5,
        4,
        null,
        5,
        null,
        null,
        null
      ],
      "/Users/mgiraldo/Documents/Sinatra/crocetti/controller.rb": [
        1,
        1,
        1,
        null,
        null,
        1,
        1,
        1,
        1,
        null
      ],
      "/Users/mgiraldo/Documents/Sinatra/crocetti/lib/pages.rb": [
        1,
        1,
        null,
        1,
        null,
        1,
        null,
        1,
        6,
        6,
        6,
        6,
        6,
        null,
        null,
        1,
        5,
        5,
        null,
        null,
        1,
        1,
        1,
        1,
        null,
        null,
        null,
        1,
        4,
        null,
        null,
        1,
        6,
        3,
        15,
        9,
        6,
        null,
        null,
        null,
        null,
        null,
        null,
        null
      ],
      "/Users/mgiraldo/Documents/Sinatra/crocetti/tests/specs/pages_spec.rb": [
        1,
        null,
        1,
        null,
        1,
        null,
        1,
        1,
        1,
        1,
        1,
        null,
        null,
        null,
        1,
        null,
        1,
        1,
        1,
        1,
        1,
        null,
        null,
        null,
        1,
        null,
        1,
        1,
        null,
        null,
        null,
        1,
        null,
        1,
        1,
        null,
        1,
        null,
        1,
        null,
        1,
        1,
        1,
        null,
        1,
        null,
        null,
        null,
        1,
        1,
        1,
        1,
        null,
        null,
        null,
        null
      ],
      "/Users/mgiraldo/Documents/Sinatra/crocetti/tests/specs/parser_spec.rb": [
        1,
        null,
        1,
        null,
        1,
        0,
        null,
        null,
        1,
        1,
        1,
        1,
        1,
        null,
        null,
        null,
        null,
        1,
        null,
        1,
        1,
        1,
        1,
        1,
        1,
        1,
        1,
        null,
        null,
        null,
        null,
        1,
        null,
        1,
        1,
        1,
        1,
        null,
        null,
        1,
        1,
        1,
        1,
        null,
        null,
        1,
        1,
        1,
        1,
        null,
        null,
        1,
        1,
        1,
        1,
        null,
        null,
        null,
        null,
        1,
        null,
        1,
        1,
        1,
        1,
        1,
        1,
        null,
        null,
        1,
        1,
        1,
        1,
        1,
        1,
        1,
        null,
        null,
        1,
        1,
        1,
        1,
        1,
        null,
        null,
        1,
        1,
        1,
        1,
        1,
        null,
        null,
        null,
        null,
        1,
        1,
        1,
        1,
        1,
        1,
        null,
        null,
        null,
        null,
        1,
        null,
        1,
        1,
        1,
        1,
        1,
        1,
        1,
        1,
        null,
        null,
        null,
        null,
        1,
        null,
        1,
        1,
        1,
        1,
        1,
        1,
        1,
        1,
        null,
        null,
        null
      ],
      "/Users/mgiraldo/Documents/Sinatra/crocetti/tests/specs/templates_spec.rb": [
        1,
        null,
        1,
        null,
        1,
        1,
        1,
        1,
        1,
        null,
        null,
        1,
        1,
        1,
        1,
        null,
        null,
        1,
        1,
        1,
        1,
        null,
        null,
        1,
        1,
        1,
        1,
        null,
        null,
        1,
        1,
        1,
        1,
        null,
        null,
        null,
        null,
        1,
        null,
        1,
        1,
        1,
        1,
        1,
        1,
        null,
        null,
        1,
        1,
        1,
        1,
        1,
        1,
        null,
        null,
        null
      ],
      "/Users/mgiraldo/Documents/Sinatra/crocetti/tests/specs/test_spec.rb": [
        1,
        null,
        null,
        1,
        1,
        null,
        1,
        2,
        null,
        null,
        1,
        1,
        1,
        1,
        null,
        null,
        1,
        1,
        1,
        1,
        1,
        1,
        1,
        1,
        null,
        null,
        null
      ]
    },
    "timestamp": 1429725873
  }
}
